<?xml version="1.0" encoding="utf-8"?><testsuites><testsuite name="pytest" errors="0" failures="0" skipped="0" tests="24" time="0.222" timestamp="2026-03-21T03:11:14.613527" hostname="robot"><testcase classname="phy_core.test.test_orchestration_node.TestOrchestrationNodeConstants" name="test_state_constants_defined" time="0.004" /><testcase classname="phy_core.test.test_orchestration_node.TestOrchestrationNodeConstants" name="test_zero_pose" time="0.000" /><testcase classname="phy_core.test.test_orchestration_node.TestOrchestrationNodeInit" name="test_default_poses_are_zero" time="0.024" /><testcase classname="phy_core.test.test_orchestration_node.TestOrchestrationNodeInit" name="test_initial_state_idle" time="0.005" /><testcase classname="phy_core.test.test_orchestration_node.TestOrchestrationNodeInit" name="test_load_pose_param_validates_length" time="0.005" /><testcase classname="phy_core.test.test_orchestration_node.TestOrchestrationNodeInit" name="test_node_name" time="0.005" /><testcase classname="phy_core.test.test_orchestration_node.TestOrchestrationNodeInit" name="test_parameters_declared" time="0.005" /><testcase classname="phy_core.test.test_orchestration_node.TestOrchestrationNodeCallGetPose" name="test_call_get_pose_returns_none_for_zero" time="0.005" /><testcase classname="phy_core.test.test_orchestration_node.TestOrchestrationNodeCallGetPose" name="test_call_get_pose_returns_pose" time="0.005" /><testcase classname="phy_core.test.test_orchestration_node.TestOrchestrationNodeSendMove" name="test_send_move_rejected" time="0.006" /><testcase classname="phy_core.test.test_orchestration_node.TestOrchestrationNodeSendMove" name="test_send_move_success" time="0.006" /><testcase classname="phy_core.test.test_orchestration_node.TestOrchestrationNodeTaskCallback" name="test_task_fail_init_move_fails" time="0.005" /><testcase classname="phy_core.test.test_orchestration_node.TestOrchestrationNodeTaskCallback" name="test_task_fail_object_not_detected" time="0.005" /><testcase classname="phy_core.test.test_orchestration_node.TestOrchestrationNodeTaskCallback" name="test_task_retry_on_validation_fail" time="0.006" /><testcase classname="phy_core.test.test_orchestration_node.TestOrchestrationNodeTaskCallback" name="test_task_success_flow" time="0.005" /><testcase classname="phy_core.test.test_sam3_node.TestSam3NodeInit" name="test_camera_intrinsics_loaded" time="0.004" /><testcase classname="phy_core.test.test_sam3_node.TestSam3NodeInit" name="test_invalid_intrinsics_fy_raises" time="0.003" /><testcase classname="phy_core.test.test_sam3_node.TestSam3NodeInit" name="test_invalid_intrinsics_raises" time="0.004" /><testcase classname="phy_core.test.test_sam3_node.TestSam3NodeInit" name="test_node_name" time="0.003" /><testcase classname="phy_core.test.test_sam3_node.TestSam3NodeCallback" name="test_callback_passes_correct_intrinsics" time="0.004" /><testcase classname="phy_core.test.test_sam3_node.TestSam3NodeCallback" name="test_callback_returns_pose_on_detection" time="0.004" /><testcase classname="phy_core.test.test_sam3_node.TestSam3NodeCallback" name="test_callback_returns_zero_on_exception" time="0.003" /><testcase classname="phy_core.test.test_sam3_node.TestSam3NodeCallback" name="test_callback_returns_zero_when_no_detection" time="0.004" /><testcase classname="phy_core.test.test_sam3_node.TestSam3NodeCallback" name="test_callback_thread_safety" time="0.014" /></testsuite></testsuites>